GateWay 빌드 테스트

1. 빌드
GW 빌드시 그냥 빌드하면 에러(boost-python)가 난다. boost-python 부분은 libboost-dev를 설치하면 해결 된다.

2. 빌드 테스트

pva2pva 자동 테스트(make -C pva2pvs -s runtests)

----------------------------------------------------------------------------------------------------------------------------------
namsh@namsh:~/epics/R3.14.12.5/EPICS-CPP-4.6.0/PVAccessGW/v4workspace$ make -C pva2pva runtests
make: Entering directory '/home/namsh/epics/R3.14.12.5/EPICS-CPP-4.6.0/PVAccessGW/v4workspace/pva2pva'
make -C ./configure runtests 
make[1]: Entering directory '/home/namsh/epics/R3.14.12.5/EPICS-CPP-4.6.0/PVAccessGW/v4workspace/pva2pva/configure'
make -C O.linux-x86_64 -f ../Makefile TOP=../.. \
    T_A=linux-x86_64 runtests
make[2]: Entering directory '/home/namsh/epics/R3.14.12.5/EPICS-CPP-4.6.0/PVAccessGW/v4workspace/pva2pva/configure/O.linux-x86_64'
perl -CSD -MTest::Harness -e 'runtests @ARGV if @ARGV;' 
make[2]: Leaving directory '/home/namsh/epics/R3.14.12.5/EPICS-CPP-4.6.0/PVAccessGW/v4workspace/pva2pva/configure/O.linux-x86_64'
make[1]: Leaving directory '/home/namsh/epics/R3.14.12.5/EPICS-CPP-4.6.0/PVAccessGW/v4workspace/pva2pva/configure'
make -C ./pdbApp runtests 
make[1]: Entering directory '/home/namsh/epics/R3.14.12.5/EPICS-CPP-4.6.0/PVAccessGW/v4workspace/pva2pva/pdbApp'
make -C O.linux-x86_64 -f ../Makefile TOP=../.. \
    T_A=linux-x86_64 runtests
make[2]: Entering directory '/home/namsh/epics/R3.14.12.5/EPICS-CPP-4.6.0/PVAccessGW/v4workspace/pva2pva/pdbApp/O.linux-x86_64'
perl -CSD -MTest::Harness -e 'runtests @ARGV if @ARGV;' 
make[2]: Leaving directory '/home/namsh/epics/R3.14.12.5/EPICS-CPP-4.6.0/PVAccessGW/v4workspace/pva2pva/pdbApp/O.linux-x86_64'
make[1]: Leaving directory '/home/namsh/epics/R3.14.12.5/EPICS-CPP-4.6.0/PVAccessGW/v4workspace/pva2pva/pdbApp'
make -C ./p2pApp runtests 
make[1]: Entering directory '/home/namsh/epics/R3.14.12.5/EPICS-CPP-4.6.0/PVAccessGW/v4workspace/pva2pva/p2pApp'
make -C O.linux-x86_64 -f ../Makefile TOP=../.. \
    T_A=linux-x86_64 runtests
make[2]: Entering directory '/home/namsh/epics/R3.14.12.5/EPICS-CPP-4.6.0/PVAccessGW/v4workspace/pva2pva/p2pApp/O.linux-x86_64'
perl -CSD -MTest::Harness -e 'runtests @ARGV if @ARGV;' 
make[2]: Leaving directory '/home/namsh/epics/R3.14.12.5/EPICS-CPP-4.6.0/PVAccessGW/v4workspace/pva2pva/p2pApp/O.linux-x86_64'
make[1]: Leaving directory '/home/namsh/epics/R3.14.12.5/EPICS-CPP-4.6.0/PVAccessGW/v4workspace/pva2pva/p2pApp'
make -C ./testApp runtests 
make[1]: Entering directory '/home/namsh/epics/R3.14.12.5/EPICS-CPP-4.6.0/PVAccessGW/v4workspace/pva2pva/testApp'
make -C O.linux-x86_64 -f ../Makefile TOP=../.. \
    T_A=linux-x86_64 runtests
make[2]: Entering directory '/home/namsh/epics/R3.14.12.5/EPICS-CPP-4.6.0/PVAccessGW/v4workspace/pva2pva/testApp/O.linux-x86_64'
perl -CSD -MTest::Harness -e 'runtests @ARGV if @ARGV;' testweak.t teststream.t testtest.t testmon.t testpvif.t testpdb.t
testweak.t .... ok     
teststream.t .. ok     
testtest.t .... Info: new max Structure/Union size 2
Info: new max Structure/Union size 5
testtest.t .... 1/46 # XXXZ {0} {}
# XXXZ {1} {}
# XXXZ {1} {}
# XXXZ {1} {}
# XXXZ {1} {1}
testtest.t .... ok     
testmon.t ..... Info: new max Structure/Union size 2
Info: new max Structure/Union size 5
testmon.t ..... 1/79 GWServer connecting channel test1 as test1
# XXXZ {0} {}
GWServer connecting channel test1 as test1
# XXXZ {0} {}
# XXXZ {1} {}
GWServer connecting channel test1 as test1
# XXXZ {0} {}
# XXXZ {1} {}
# XXXZ {1} {}
# XXXZ {1} {1}
GWServer connecting channel test1 as test1
# XXXZ {0} {}
# XXXZ {1} {}
# XXXZ {1} {}
# XXXZ {1} {1}
GWServer connecting channel test1 as test1
# XXXZ {0} {}
# XXXZ {1} {}
# XXXZ {1} {}
# XXXZ {1} {}
# XXXZ {1} {}
testmon.t ..... ok     
testpvif.t .... Info: new max Structure/Union size 2
Info: new max Structure/Union size 5
testpvif.t .... 1/56 Info: new max Structure/Union size 10
testpvif.t .... ok     
testpdb.t ..... Info: new max Structure/Union size 2
Info: new max Structure/Union size 5
  pdb map 'grp1.fld1' <-> 'rec3.VAL'
  pdb map 'grp1.fld2' <-> 'rec3.RVAL'
  pdb map 'grp1.fld3' <-> 'rec4.VAL'
  pdb map 'grp1.fld4' <-> 'rec4.RVAL'
  pdb map 'grp2.fld1' <-> 'rec5.VAL'
  pdb map 'grp2.fld3' <-> 'rec5.RVAL'
  pdb map 'grp2.fld2' <-> 'rec6.VAL'
  pdb default triggers for 'grp1'
  pdb trg 'grp2.fld2'  -> fld1, fld2, 
Info: new max Structure/Union size 10
testpdb.t ..... ok       
All tests successful.
Files=6, Tests=365,  3 wallclock secs ( 0.02 usr  0.02 sys +  0.06 cusr  0.00 csys =  0.10 CPU)
Result: PASS
make[2]: Leaving directory '/home/namsh/epics/R3.14.12.5/EPICS-CPP-4.6.0/PVAccessGW/v4workspace/pva2pva/testApp/O.linux-x86_64'
make[1]: Leaving directory '/home/namsh/epics/R3.14.12.5/EPICS-CPP-4.6.0/PVAccessGW/v4workspace/pva2pva/testApp'
make -C ./iocBoot runtests 
make[1]: Entering directory '/home/namsh/epics/R3.14.12.5/EPICS-CPP-4.6.0/PVAccessGW/v4workspace/pva2pva/iocBoot'
make -C ./ioccircle runtests 
make[2]: Entering directory '/home/namsh/epics/R3.14.12.5/EPICS-CPP-4.6.0/PVAccessGW/v4workspace/pva2pva/iocBoot/ioccircle'
make[2]: Nothing to be done for 'runtests'.
make[2]: Leaving directory '/home/namsh/epics/R3.14.12.5/EPICS-CPP-4.6.0/PVAccessGW/v4workspace/pva2pva/iocBoot/ioccircle'
make -C ./ioccircle2 runtests 
make[2]: Entering directory '/home/namsh/epics/R3.14.12.5/EPICS-CPP-4.6.0/PVAccessGW/v4workspace/pva2pva/iocBoot/ioccircle2'
make[2]: Nothing to be done for 'runtests'.
make[2]: Leaving directory '/home/namsh/epics/R3.14.12.5/EPICS-CPP-4.6.0/PVAccessGW/v4workspace/pva2pva/iocBoot/ioccircle2'
make[1]: Leaving directory '/home/namsh/epics/R3.14.12.5/EPICS-CPP-4.6.0/PVAccessGW/v4workspace/pva2pva/iocBoot'
make: Leaving directory '/home/namsh/epics/R3.14.12.5/EPICS-CPP-4.6.0/PVAccessGW/v4workspace/pva2pva'

----------------------------------------------------------------------------------------------------------------------------------


3. pva2pva ioc run

그냥 ./st.cmd를 하면 아키텍쳐가 안맞다
st.cmd를 연뒤 "linux-x86_64-debug" 부분에서 debug를 지우고 실행하면 실행된다.

namsh@namsh:~/epics/R3.14.12.5/EPICS-CPP-4.6.0/PVAccessGW/v4workspace/pva2pva/iocBoot/ioccircle$ ./st.cmd 
Info: new max Structure/Union size 2
Info: new max Structure/Union size 5
#!../../bin/linux-x86_64/softIocPVA
epicsEnvSet("EPICS_PVA_ADDR_LIST", "10.5.2.255")
epicsEnvSet("EPICS_PVAS_INTF_ADDR_LIST","10.5.2.1")
epicsEnvSet("EPICS_PVA_AUTO_ADDR_LIST","NO")
dbLoadRecords("circle.db","")
iocInit()
Starting iocInit
############################################################################
## EPICS R3.16.0.1-DEV $$Date$$
## EPICS Base built Dec 20 2016
############################################################################
initPVALink
Error: No (specified) network interface(s) available.	                        -> 네트워크 인터페이스 안된다고 에러뜸
On line 184 of ../../src/server/serverContext.cpp
/home/namsh/epics/R3.14.12.5/EPICS-CPP-4.6.0/PVAccessGW/v4workspace/pvAccess/lib/linux-x86_64/libpvAccess.so.4.2.0(_ZN5epics6pvData6detail14ExceptionMixedINS0_13BaseExceptionEEC2IPKcEET_S7_i+0x76) [0x7fc7d26c51f6]
/home/namsh/epics/R3.14.12.5/EPICS-CPP-4.6.0/PVAccessGW/v4workspace/pvAccess/lib/linux-x86_64/libpvAccess.so.4.2.0(_ZN5epics8pvAccess17ServerContextImpl17loadConfigurationEv+0xcaa) [0x7fc7d273b80a]
/home/namsh/epics/R3.14.12.5/EPICS-CPP-4.6.0/PVAccessGW/v4workspace/pvAccess/lib/linux-x86_64/libpvAccess.so.4.2.0(_ZN5epics8pvAccess17ServerContextImpl6createEv+0xad) [0x7fc7d273d41d]
/home/namsh/epics/R3.14.12.5/EPICS-CPP-4.6.0/PVAccessGW/v4workspace/pvAccess/lib/linux-x86_64/libpvAccess.so.4.2.0(_ZN5epics8pvAccess14startPVAServerERKSsibb+0x27) [0x7fc7d273d4d7]
/home/namsh/epics/R3.14.12.5/EPICS-CPP-4.6.0/PVAccessGW/v4workspace/pva2pva/lib/linux-x86_64/libpdbcore.so(_Z9qsrvStartv+0x83) [0x7fc7d29f0953]
/home/namsh/epics/R3.14.12.5/EPICS-CPP-4.6.0/PVAccessGW/v4workspace/epics-base/lib/linux-x86_64/libdbCore.so.3.16.0(initHookAnnounce+0x69) [0x7fc7d1e39959]
/home/namsh/epics/R3.14.12.5/EPICS-CPP-4.6.0/PVAccessGW/v4workspace/epics-base/lib/linux-x86_64/libdbCore.so.3.16.0(iocBuild+0x35) [0x7fc7d1e52835]
/home/namsh/epics/R3.14.12.5/EPICS-CPP-4.6.0/PVAccessGW/v4workspace/epics-base/lib/linux-x86_64/libdbCore.so.3.16.0(iocInit+0x9) [0x7fc7d1e529c9]
/home/namsh/epics/R3.14.12.5/EPICS-CPP-4.6.0/PVAccessGW/v4workspace/epics-base/lib/linux-x86_64/libCom.so.3.16.0(+0x34978) [0x7fc7d1955978]
../../bin/linux-x86_64/softIocPVA(main+0x174) [0x404124]
/lib/x86_64-linux-gnu/libc.so.6(__libc_start_main+0xf5) [0x7fc7d0d75b45]
../../bin/linux-x86_64/softIocPVA() [0x404bf2]


iocRun: All initialization complete
epics> dbl
circle:period
circle:step
circle:tick
circle:angle
circle:x
circle:y
line:a
line:b
epics> 

위에서 네트워크 인터페이스 에러가 발생함 st.cmd의 ip를 내 컴퓨터 ip로 변경후 실행

----------------------------------------------------------------
#!../../bin/linux-x86_64/softIocPVA

epicsEnvSet("EPICS_PVA_ADDR_LIST", "10.1.5.50")
epicsEnvSet("EPICS_PVAS_INTF_ADDR_LIST","10.1.5.50")
epicsEnvSet("EPICS_PVA_AUTO_ADDR_LIST","NO")

dbLoadRecords("circle.db","")

iocInit()
----------------------------------------------------------------

다시실행

-----------------------------------------------------------------------------------------------------------
namsh@namsh:~/epics/R3.14.12.5/EPICS-CPP-4.6.0/PVAccessGW/v4workspace/pva2pva/iocBoot/ioccircle$ ./st.cmd 
Info: new max Structure/Union size 2
Info: new max Structure/Union size 5
#!../../bin/linux-x86_64/softIocPVA
epicsEnvSet("EPICS_PVA_ADDR_LIST", "10.1.5.50")
epicsEnvSet("EPICS_PVAS_INTF_ADDR_LIST","10.1.5.50")
epicsEnvSet("EPICS_PVA_AUTO_ADDR_LIST","NO")
dbLoadRecords("circle.db","")
iocInit()
Starting iocInit
############################################################################
## EPICS R3.16.0.1-DEV $$Date$$
## EPICS Base built Dec 20 2016
############################################################################
initPVALink
  pdb map 'circle.angle' <-> 'circle:angle.VAL'
  pdb map 'line.a' <-> 'circle:angle.VAL'
  pdb map 'circle.x' <-> 'circle:x.VAL'
  pdb map 'circle.y' <-> 'circle:y.VAL'
  pdb map 'line.b' <-> 'line:b.VAL'
  pdb trg 'circle.y'  -> angle, x, y, 
  pdb trg 'line.b'  -> a, b, 
Info: new max Structure/Union size 10
##### skip  VALUE circle:angle.VAL
##### skip  VALUE circle:x.VAL
##### setup VALUE circle:y.VAL
##### skip  VALUE circle:angle.VAL
##### setup VALUE line:b.VAL
iocRun: All initialization complete

-----------------------------------------------------------------------------------------------------------

정상적으로 작동하는 것처럼보임


pva2pva를 실행시키고 다른 쉘을 열어서 pvAcess 디렉토리의 bin/linux-x86-64로 들어가서 pvget을 실행시킨다 (circle을 get하려는 의도 같음)->PV말고 db자체를 읽는느낌?

--------------------------------------------------------------------------------------------------------------------
namsh@namsh:~/epics/R3.14.12.5/EPICS-CPP-4.6.0/PVAccessGW/v4workspace/pvAccess/bin/linux-x86_64$ ./pvget -m circle
Info: new max Structure/Union size 2
Info: new max Structure/Union size 5
circle
structure 
    structure record
        structure _options
            uint queueSize 0
            boolean atomic true
    epics:nt/NTScalar:1.0 angle
        double value 53
        alarm_t alarm NO_ALARM NO_STATUS <no message>
        time_t timeStamp 2016-12-20T14:04:11.989 0
        display_t display
            double limitLow 0
            double limitHigh 0
            string description 
            string format 
            string units 
        control_t control
            double limitLow 0
            double limitHigh 0
            double minStep 0
    epics:nt/NTScalar:1.0 x
        double value 0.601815
        alarm_t alarm NO_ALARM NO_STATUS <no message>
        time_t timeStamp 2016-12-20T14:04:11.989 0
        display_t display
            double limitLow 0
            double limitHigh 0
            string description 
            string format 
            string units 
        control_t control
            double limitLow 0
            double limitHigh 0
            double minStep 0
    epics:nt/NTScalar:1.0 y
        double value 0.798636
        alarm_t alarm NO_ALARM NO_STATUS <no message>
        time_t timeStamp 2016-12-20T14:04:11.989 0
        display_t display
            double limitLow 0
            double limitHigh 0
            string description 
            string format 
            string units 
        control_t control
            double limitLow 0
            double limitHigh 0
            double minStep 0


circle
structure 
    structure record
        structure _options
            uint queueSize 0
            boolean atomic true
    epics:nt/NTScalar:1.0 angle
        double value 54
        alarm_t alarm NO_ALARM NO_STATUS <no message>
        time_t timeStamp 2016-12-20T14:04:12.984 0
        display_t display
            double limitLow 0
            double limitHigh 0
            string description 
            string format 
            string units 
        control_t control
            double limitLow 0
            double limitHigh 0
            double minStep 0
    epics:nt/NTScalar:1.0 x
        double value 0.587785
        alarm_t alarm NO_ALARM NO_STATUS <no message>
        time_t timeStamp 2016-12-20T14:04:12.984 0
        display_t display
            double limitLow 0
            double limitHigh 0
            string description 
            string format 
            string units 
        control_t control
            double limitLow 0
            double limitHigh 0
            double minStep 0
    epics:nt/NTScalar:1.0 y
        double value 0.809017
        alarm_t alarm NO_ALARM NO_STATUS <no message>
        time_t timeStamp 2016-12-20T14:04:12.984 0
        display_t display
            double limitLow 0
            double limitHigh 0
            string description 
            string format 
            string units 
        control_t control
            double limitLow 0
            double limitHigh 0
            double minStep 0

--------------------------------------------------------------------------------------------------------------------

4. 실제적인 gateway 실행

현재 10.1.5번대의 대역을 쓰고 있어서 gateway가 실제적으로 동작하는지는 알수없다 하지만 동작은시켜봄

---------------------------------------------------------------------------------------------------------------------------
namsh@namsh:~/epics/R3.14.12.5/EPICS-CPP-4.6.0/PVAccessGW/v4workspace/pva2pva/bin/linux-x86_64$ ./p2p ./../../example.cmd 
Info: new max Structure/Union size 2
Info: new max Structure/Union size 5
# Bind gateway server side to this interface
epicsEnvSet("EPICS_PVAS_INTF_ADDR_LIST","10.1.5.50")
# Gateway client side searches here.  Must not include gateway server side interface
epicsEnvSet("EPICS_PVA_ADDR_LIST", "10.1.5.90")
# Prevent gateway client from automatically populating the address list,
# which would include the gateway server side interface
epicsEnvSet("EPICS_PVA_AUTO_ADDR_LIST","NO")
gwstart()
# PVA variables
#
# Server side
#
Gateway server starting
# EPICS_PVAS_INTF_ADDR_LIST - Bind to this interface for both UDP and TCP
# EPICS_PVAS_SERVER_PORT - default TCP port
# EPICS_PVAS_BROADCAST_PORT - Listen for searches on this port
#
# EPICS_PVA_SERVER_PORT - Unused if EPICS_PVAS_SERVER_PORT set
#
# Client side
#
# EPICS_PVA_BROADCAST_PORT - Default search port for *ADDR_LIST
# EPICS_PVA_ADDR_LIST - Space seperated list of search endpoints (bcast or unicast)
# EPICS_PVA_AUTO_ADDR_LIST - YES/NO whether to populate ADDR_LIST with all local interface bcast addrs
epics> GW Server ctor
2016-12-20T17:04:54.425 Using dynamically assigned TCP port 39379.
Gateway running
----------------------------------------------------------------------------------------------------------------------------

미정이가 ioc 켜고 끌때마다 메세지 생성
Chan change 'circle' is CONNECTED
Chan change 'circle' is DISCONNECTED
Destroy client channel for 'circle'
Chan change 'circle' is CONNECTED
Destroy client channel for 'circle'

상대편에서 내 주소를 적어서 실행시키면 다른 메세지 생성?              	-> 아니다. 왜 그런지는 모르겠다.
GWServer connecting channel circle as circle
Chan change 'circle' is DISCONNECTED
Destroy client channel for 'circle'message to client about 'circle' : More than one channel with name 'circle' detected, connected to: 10.1.5.90:45843, ignored: 10.1.5.90:50089
Chan change 'circle' is CONNECTED
Chan change 'circle' is DISCONNECTED
Destroy client channel for 'circle'
Chan change 'circle' is CONNECTED
Chan change 'circle' is DISCONNECTED
Destroy client channel for 'circle'
Chan change 'circle' is CONNECTED
Chan change 'circle' is DISCONNECTED
Destroy client channel for 'circle'
message to client about 'circle' : More than one channel with name 'circle' detected, connected to: 10.1.5.90:50089, ignored: 10.1.5.90:57211
Chan change 'circle' is CONNECTED
GWServer connecting channel circle as circle
virtual epics::pvData::Monitor::shared_pointer GWChannel::createMonitor(const shared_pointer&, const shared_pointer&)
Monitor cache circle Miss
upstream monitor start() fails
GWServer connecting channel circle as circle
virtual epics::pvData::Monitor::shared_pointer GWChannel::createMonitor(const shared_pointer&, const shared_pointer&)

이런메세지도 발생


------------------------------------------------------
epicsEnvSet("EPICS_PVAS_INTF_ADDR_LIST","10.1.5.50")	-> gateway를 돌리는 컴퓨터 주소 (루프 방지)
epicsEnvSet("EPICS_PVA_ADDR_LIST", "10.1.5.255")	-> IOC를 돌리는 컴퓨터 대역 마지막 255는 255만 지정이 아니라 1~255까지 전부 라는 말임 -> 정확히 ioc 서버의 주소를 적어야
------------------------------------------------------



!!!결론적으로 해볼 테스트!!!

10.1.5.50 에서 gateway를 실행하고
10.1.4.62에서 IOC를 실행
10.1.5.90에서 pvAcesss를 해서 epics ioc가 정상적으로 동작하는지 확인하는 테스트를 실행

------------------------------------------------------------------------------------------------------------------------------------
namsh@namsh:~/epics/R3.14.12.5/EPICS-CPP-4.6.0/PVAccessGW/v4workspace/pva2pva/bin/linux-x86_64$ sudo ./p2p ./../../example.cmd 
Info: new max Structure/Union size 2
Info: new max Structure/Union size 5
# Bind gateway server side to this interface
epicsEnvSet("EPICS_PVAS_INTF_ADDR_LIST","10.1.5.50")
# Gateway client side searches here.  Must not include gateway server side interface
epicsEnvSet("EPICS_PVA_ADDR_LIST", "10.1.4.61")
# Prevent gateway client from automatically populating the address list,
# which would include the gateway server side interface
epicsEnvSet("EPICS_PVA_AUTO_ADDR_LIST","NO")
gwstart()
# PVA variables
#
# Server side
#
Gateway server starting
# EPICS_PVAS_INTF_ADDR_LIST - Bind to this interface for both UDP and TCP
# EPICS_PVAS_SERVER_PORT - default TCP port
# EPICS_PVAS_BROADCAST_PORT - Listen for searches on this port
#
# EPICS_PVA_SERVER_PORT - Unused if EPICS_PVAS_SERVER_PORT set
#
# Client side
#
# EPICS_PVA_BROADCAST_PORT - Default search port for *ADDR_LIST
# EPICS_PVA_ADDR_LIST - Space seperated list of search endpoints (bcast or unicast)
# EPICS_PVA_AUTO_ADDR_LIST - YES/NO whether to populate ADDR_LIST with all local interface bcast addrs
epics> GW Server ctor
Gateway running
Chan change 'circle' is CONNECTED
GWServer connecting channel circle as circle
getField for circle ''
virtual epics::pvData::Monitor::shared_pointer GWChannel::createMonitor(const shared_pointer&, const shared_pointer&)
Monitor cache circle Miss
-------------------------------------------------------------------------------------------------------------------------------------

ca로 받을때는 
Destroy client channel for 'circle'

네트워크로 바로 받아오는건지 아니면 epics gw를 통해서 오는 건지 보기위해서 10.1.5.90의 네트워크 게이트웨이를 지운뒤에 다시 테스트
-------------------------------------------------------------------------------------------------------------------------------------
Chan change 'circle' is CONNECTED
GWServer connecting channel circle as circle
getField for circle ''
virtual epics::pvData::Monitor::shared_pointer GWChannel::createMonitor(const shared_pointer&, const shared_pointer&)
Monitor cache circle Miss
-------------------------------------------------------------------------------------------------------------------------------------

10.1.5.90에서 네트워크 게이트웨이를 삭제하고 했을때도 pvget이 된다. -> EPICS GW가 정상적으로 잘 동작한다.

다만 example.cmd 에서 epicsEnvSet("EPICS_PVA_ADDR_LIST", "10.1.5.255") 부분은 정확한 ioc 서버의 주소를 적어주어야 동작한다.("EPICS_PVA_ADDR_LIST", "10.1.5.61")
